c:\users\andre\source\repos\lab4_andreas_siljefors\debug\vc142.pdb
c:\users\andre\source\repos\lab4_andreas_siljefors\debug\vc142.idb
c:\users\andre\source\repos\lab4_andreas_siljefors\debug\queue.obj
c:\users\andre\source\repos\lab4_andreas_siljefors\debug\main.obj
c:\users\andre\source\repos\lab4_andreas_siljefors\debug\exe4_implementation.obj
c:\users\andre\source\repos\lab4_andreas_siljefors\debug\exe4.obj
c:\users\andre\source\repos\lab4_andreas_siljefors\debug\exe3_implementation.obj
c:\users\andre\source\repos\lab4_andreas_siljefors\debug\exe3.obj
c:\users\andre\source\repos\lab4_andreas_siljefors\debug\exe2_implementation.obj
c:\users\andre\source\repos\lab4_andreas_siljefors\debug\exe2.obj
c:\users\andre\source\repos\lab4_andreas_siljefors\debug\exe1_implementation.obj
c:\users\andre\source\repos\lab4_andreas_siljefors\debug\exe1.obj
c:\users\andre\source\repos\lab4_andreas_siljefors\debug\lab4_andreas_siljefors.exe
c:\users\andre\source\repos\lab4_andreas_siljefors\debug\lab4_andreas_siljefors.ilk
c:\users\andre\source\repos\lab4_andreas_siljefors\debug\lab4_andreas_siljefors.pdb
c:\users\andre\source\repos\lab4_andreas_siljefors\debug\lab4_and.a0ceb708.tlog\cl.command.1.tlog
c:\users\andre\source\repos\lab4_andreas_siljefors\debug\lab4_and.a0ceb708.tlog\cl.read.1.tlog
c:\users\andre\source\repos\lab4_andreas_siljefors\debug\lab4_and.a0ceb708.tlog\cl.write.1.tlog
c:\users\andre\source\repos\lab4_andreas_siljefors\debug\lab4_and.a0ceb708.tlog\link.command.1.tlog
c:\users\andre\source\repos\lab4_andreas_siljefors\debug\lab4_and.a0ceb708.tlog\link.read.1.tlog
c:\users\andre\source\repos\lab4_andreas_siljefors\debug\lab4_and.a0ceb708.tlog\link.write.1.tlog
